==11109== Memcheck, a memory error detector
==11109== Copyright (C) 2002-2012, and GNU GPL'd, by Julian Seward et al.
==11109== Using Valgrind-3.8.1 and LibVEX; rerun with -h for copyright info
==11109== Command: ./pe04
==11109== Parent PID: 30391
==11109== 
--11109-- 
--11109-- Valgrind options:
--11109--    --tool=memcheck
--11109--    --leak-check=full
--11109--    --verbose
--11109--    --log-file=memcheck.log
--11109-- Contents of /proc/version:
--11109--   Linux version 2.6.32-504.8.1.el6.x86_64 (mockbuild@x86-002.build.bos.redhat.com) (gcc version 4.4.7 20120313 (Red Hat 4.4.7-9) (GCC) ) #1 SMP Fri Dec 19 12:09:25 EST 2014
--11109-- Arch and hwcaps: AMD64, amd64-sse3-cx16-avx
--11109-- Page sizes: currently 4096, max supported 4096
--11109-- Valgrind library directory: /usr/lib64/valgrind
--11109-- Reading syms from /home/shay/b/xiao81/ECE264/PE/PE04/pe04
--11109-- Reading syms from /usr/lib64/valgrind/memcheck-amd64-linux
--11109--    object doesn't have a dynamic symbol table
--11109-- Reading syms from /lib64/ld-2.12.so
--11109--   Considering /usr/lib/debug/.build-id/5b/eb2450b75e84ff317c65f22af8b8112c25df63.debug ..
--11109--   .. build-id is valid
--11109-- Scheduler: using generic scheduler lock implementation.
--11109-- Reading suppressions file: /usr/lib64/valgrind/default.supp
==11109== embedded gdbserver: reading from /tmp/vgdb-pipe-from-vgdb-to-11109-by-xiao81-on-ecegrid-thin5.ecn.purdue.edu
==11109== embedded gdbserver: writing to   /tmp/vgdb-pipe-to-vgdb-from-11109-by-xiao81-on-ecegrid-thin5.ecn.purdue.edu
==11109== embedded gdbserver: shared mem   /tmp/vgdb-pipe-shared-mem-vgdb-11109-by-xiao81-on-ecegrid-thin5.ecn.purdue.edu
==11109== 
==11109== TO CONTROL THIS PROCESS USING vgdb (which you probably
==11109== don't want to do, unless you know exactly what you're doing,
==11109== or are doing some strange experiment):
==11109==   /usr/lib64/valgrind/../../bin/vgdb --pid=11109 ...command...
==11109== 
==11109== TO DEBUG THIS PROCESS USING GDB: start GDB like this
==11109==   /path/to/gdb ./pe04
==11109== and then give GDB the following command
==11109==   target remote | /usr/lib64/valgrind/../../bin/vgdb --pid=11109
==11109== --pid is optional if only one valgrind process is running
==11109== 
--11109-- REDIR: 0x3a6b8176d0 (strlen) redirected to 0x38049551 (vgPlain_amd64_linux_REDIR_FOR_strlen)
--11109-- Reading syms from /usr/lib64/valgrind/vgpreload_core-amd64-linux.so
--11109-- Reading syms from /usr/lib64/valgrind/vgpreload_memcheck-amd64-linux.so
--11109-- REDIR: 0x3a6b8174e0 (index) redirected to 0x4a07c30 (index)
--11109-- REDIR: 0x3a6b817560 (strcmp) redirected to 0x4a08570 (strcmp)
--11109-- Reading syms from /lib64/libc-2.12.so
--11109--   Considering /usr/lib/debug/.build-id/22/aa38cca59a5df6cf07b8fc1778e2ee0384508e.debug ..
--11109--   .. build-id is valid
--11109-- REDIR: 0x3a6bc84cd0 (strcasecmp) redirected to 0x480155c (_vgnU_ifunc_wrapper)
--11109-- REDIR: 0x3a6bc86f90 (strncasecmp) redirected to 0x480155c (_vgnU_ifunc_wrapper)
--11109-- REDIR: 0x3a6bc82c40 (__GI_strrchr) redirected to 0x4a07ab0 (__GI_strrchr)
--11109-- REDIR: 0x3a6bc81160 (__GI_strlen) redirected to 0x4a07fb0 (__GI_strlen)
--11109-- REDIR: 0x3a6bc7b520 (free) redirected to 0x4a063a9 (free)
==11109== 
==11109== HEAP SUMMARY:
==11109==     in use at exit: 0 bytes in 0 blocks
==11109==   total heap usage: 0 allocs, 0 frees, 0 bytes allocated
==11109== 
==11109== All heap blocks were freed -- no leaks are possible
==11109== 
==11109== ERROR SUMMARY: 0 errors from 0 contexts (suppressed: 6 from 6)
--11109-- 
--11109-- used_suppression:      4 U1004-ARM-_dl_relocate_object
--11109-- used_suppression:      2 glibc-2.5.x-on-SUSE-10.2-(PPC)-2a
==11109== 
==11109== ERROR SUMMARY: 0 errors from 0 contexts (suppressed: 6 from 6)
