==25320== Memcheck, a memory error detector
==25320== Copyright (C) 2002-2012, and GNU GPL'd, by Julian Seward et al.
==25320== Using Valgrind-3.8.1 and LibVEX; rerun with -h for copyright info
==25320== Command: ./pa05 bit_based_header/lorum.hbt gopher
==25320== Parent PID: 20547
==25320== 
--25320-- 
--25320-- Valgrind options:
--25320--    --tool=memcheck
--25320--    --leak-check=full
--25320--    --verbose
--25320--    --log-file=memcheck.log
--25320-- Contents of /proc/version:
--25320--   Linux version 2.6.32-504.12.2.el6.x86_64 (mockbuild@x86-027.build.eng.bos.redhat.com) (gcc version 4.4.7 20120313 (Red Hat 4.4.7-9) (GCC) ) #1 SMP Sun Feb 1 12:14:02 EST 2015
--25320-- Arch and hwcaps: AMD64, amd64-sse3-cx16
--25320-- Page sizes: currently 4096, max supported 4096
--25320-- Valgrind library directory: /usr/lib64/valgrind
--25320-- Reading syms from /home/shay/b/xiao81/ECE264/PA/PA05/pa05
--25320-- Reading syms from /usr/lib64/valgrind/memcheck-amd64-linux
--25320--    object doesn't have a dynamic symbol table
--25320-- Reading syms from /lib64/ld-2.12.so
--25320--   Considering /usr/lib/debug/.build-id/5b/eb2450b75e84ff317c65f22af8b8112c25df63.debug ..
--25320--   .. build-id is valid
--25320-- Scheduler: using generic scheduler lock implementation.
--25320-- Reading suppressions file: /usr/lib64/valgrind/default.supp
==25320== embedded gdbserver: reading from /tmp/vgdb-pipe-from-vgdb-to-25320-by-xiao81-on-ecegrid-thin1.ecn.purdue.edu
==25320== embedded gdbserver: writing to   /tmp/vgdb-pipe-to-vgdb-from-25320-by-xiao81-on-ecegrid-thin1.ecn.purdue.edu
==25320== embedded gdbserver: shared mem   /tmp/vgdb-pipe-shared-mem-vgdb-25320-by-xiao81-on-ecegrid-thin1.ecn.purdue.edu
==25320== 
==25320== TO CONTROL THIS PROCESS USING vgdb (which you probably
==25320== don't want to do, unless you know exactly what you're doing,
==25320== or are doing some strange experiment):
==25320==   /usr/lib64/valgrind/../../bin/vgdb --pid=25320 ...command...
==25320== 
==25320== TO DEBUG THIS PROCESS USING GDB: start GDB like this
==25320==   /path/to/gdb ./pa05
==25320== and then give GDB the following command
==25320==   target remote | /usr/lib64/valgrind/../../bin/vgdb --pid=25320
==25320== --pid is optional if only one valgrind process is running
==25320== 
--25320-- REDIR: 0x326b6176d0 (strlen) redirected to 0x38049551 (vgPlain_amd64_linux_REDIR_FOR_strlen)
--25320-- Reading syms from /usr/lib64/valgrind/vgpreload_core-amd64-linux.so
--25320-- Reading syms from /usr/lib64/valgrind/vgpreload_memcheck-amd64-linux.so
--25320-- REDIR: 0x326b6174e0 (index) redirected to 0x4a07c30 (index)
--25320-- REDIR: 0x326b617560 (strcmp) redirected to 0x4a08570 (strcmp)
--25320-- Reading syms from /lib64/libc-2.12.so
--25320--   Considering /usr/lib/debug/lib64/libc-2.12.so.debug ..
--25320--   .. CRC mismatch (computed 913ca5cc wanted 70cbab83)
--25320-- REDIR: 0x326ba84cd0 (strcasecmp) redirected to 0x480155c (_vgnU_ifunc_wrapper)
--25320-- REDIR: 0x326ba86f90 (strncasecmp) redirected to 0x480155c (_vgnU_ifunc_wrapper)
--25320-- REDIR: 0x326ba82c40 (__GI_strrchr) redirected to 0x4a07ab0 (__GI_strrchr)
--25320-- REDIR: 0x326ba7a640 (malloc) redirected to 0x4a069ac (malloc)
--25320-- REDIR: 0x326ba7b520 (free) redirected to 0x4a063a9 (free)
--25320-- REDIR: 0x326ba89670 (memcpy) redirected to 0x4a08b60 (memcpy)
==25320== 
==25320== HEAP SUMMARY:
==25320==     in use at exit: 0 bytes in 0 blocks
==25320==   total heap usage: 100 allocs, 100 frees, 3,224 bytes allocated
==25320== 
==25320== All heap blocks were freed -- no leaks are possible
==25320== 
==25320== ERROR SUMMARY: 0 errors from 0 contexts (suppressed: 6 from 6)
--25320-- 
--25320-- used_suppression:      4 U1004-ARM-_dl_relocate_object
--25320-- used_suppression:      2 glibc-2.5.x-on-SUSE-10.2-(PPC)-2a
==25320== 
==25320== ERROR SUMMARY: 0 errors from 0 contexts (suppressed: 6 from 6)
