==21344== Memcheck, a memory error detector
==21344== Copyright (C) 2002-2012, and GNU GPL'd, by Julian Seward et al.
==21344== Using Valgrind-3.8.1 and LibVEX; rerun with -h for copyright info
==21344== Command: ./pa01
==21344== Parent PID: 29152
==21344== 
--21344-- 
--21344-- Valgrind options:
--21344--    --tool=memcheck
--21344--    --leak-check=full
--21344--    --verbose
--21344--    --log-file=memcheck.log
--21344-- Contents of /proc/version:
--21344--   Linux version 2.6.32-504.8.1.el6.x86_64 (mockbuild@x86-002.build.bos.redhat.com) (gcc version 4.4.7 20120313 (Red Hat 4.4.7-9) (GCC) ) #1 SMP Fri Dec 19 12:09:25 EST 2014
--21344-- Arch and hwcaps: AMD64, amd64-sse3
--21344-- Page sizes: currently 4096, max supported 4096
--21344-- Valgrind library directory: /usr/lib64/valgrind
--21344-- Reading syms from /home/shay/b/xiao81/ECE264/PA/PA01/pa01
--21344-- Reading syms from /usr/lib64/valgrind/memcheck-amd64-linux
--21344--    object doesn't have a dynamic symbol table
--21344-- Reading syms from /lib64/ld-2.12.so
--21344-- Scheduler: using generic scheduler lock implementation.
--21344-- Reading suppressions file: /usr/lib64/valgrind/default.supp
==21344== embedded gdbserver: reading from /tmp/vgdb-pipe-from-vgdb-to-21344-by-xiao81-on-ecegrid-thin6.ecn.purdue.edu
==21344== embedded gdbserver: writing to   /tmp/vgdb-pipe-to-vgdb-from-21344-by-xiao81-on-ecegrid-thin6.ecn.purdue.edu
==21344== embedded gdbserver: shared mem   /tmp/vgdb-pipe-shared-mem-vgdb-21344-by-xiao81-on-ecegrid-thin6.ecn.purdue.edu
==21344== 
==21344== TO CONTROL THIS PROCESS USING vgdb (which you probably
==21344== don't want to do, unless you know exactly what you're doing,
==21344== or are doing some strange experiment):
==21344==   /usr/lib64/valgrind/../../bin/vgdb --pid=21344 ...command...
==21344== 
==21344== TO DEBUG THIS PROCESS USING GDB: start GDB like this
==21344==   /path/to/gdb ./pa01
==21344== and then give GDB the following command
==21344==   target remote | /usr/lib64/valgrind/../../bin/vgdb --pid=21344
==21344== --pid is optional if only one valgrind process is running
==21344== 
--21344-- REDIR: 0x352e2176d0 (strlen) redirected to 0x38049551 (vgPlain_amd64_linux_REDIR_FOR_strlen)
--21344-- Reading syms from /usr/lib64/valgrind/vgpreload_core-amd64-linux.so
--21344-- Reading syms from /usr/lib64/valgrind/vgpreload_memcheck-amd64-linux.so
--21344-- REDIR: 0x352e2174e0 (index) redirected to 0x4a07c30 (index)
--21344-- REDIR: 0x352e217560 (strcmp) redirected to 0x4a08570 (strcmp)
--21344-- Reading syms from /lib64/libc-2.12.so
--21344-- REDIR: 0x352e684cd0 (strcasecmp) redirected to 0x480155c (_vgnU_ifunc_wrapper)
--21344-- REDIR: 0x352e686f90 (strncasecmp) redirected to 0x480155c (_vgnU_ifunc_wrapper)
--21344-- REDIR: 0x352e682c40 (__GI_strrchr) redirected to 0x4a07ab0 (__GI_strrchr)
--21344-- REDIR: 0x352e681160 (__GI_strlen) redirected to 0x4a07fb0 (__GI_strlen)
--21344-- REDIR: 0x352e68aaf0 (strchrnul) redirected to 0x4a09fb0 (strchrnul)
--21344-- REDIR: 0x352e67b520 (free) redirected to 0x4a063a9 (free)
==21344== 
==21344== HEAP SUMMARY:
==21344==     in use at exit: 0 bytes in 0 blocks
==21344==   total heap usage: 0 allocs, 0 frees, 0 bytes allocated
==21344== 
==21344== All heap blocks were freed -- no leaks are possible
==21344== 
==21344== ERROR SUMMARY: 0 errors from 0 contexts (suppressed: 6 from 6)
--21344-- 
--21344-- used_suppression:      4 U1004-ARM-_dl_relocate_object
--21344-- used_suppression:      2 glibc-2.5.x-on-SUSE-10.2-(PPC)-2a
==21344== 
==21344== ERROR SUMMARY: 0 errors from 0 contexts (suppressed: 6 from 6)
