==16325== Memcheck, a memory error detector
==16325== Copyright (C) 2002-2012, and GNU GPL'd, by Julian Seward et al.
==16325== Using Valgrind-3.8.1 and LibVEX; rerun with -h for copyright info
==16325== Command: ./pa01 1 inputfile
==16325== Parent PID: 6056
==16325== 
--16325-- 
--16325-- Valgrind options:
--16325--    --tool=memcheck
--16325--    --leak-check=full
--16325--    --verbose
--16325--    --log-file=memcheck.log
--16325-- Contents of /proc/version:
--16325--   Linux version 2.6.32-504.3.3.el6.x86_64 (mockbuild@x86-028.build.eng.bos.redhat.com) (gcc version 4.4.7 20120313 (Red Hat 4.4.7-9) (GCC) ) #1 SMP Fri Dec 12 16:05:43 EST 2014
--16325-- Arch and hwcaps: AMD64, amd64-sse3-cx16
--16325-- Page sizes: currently 4096, max supported 4096
--16325-- Valgrind library directory: /usr/lib64/valgrind
--16325-- Reading syms from /home/shay/b/xiao81/Downloads/PA01/pa01
--16325-- Reading syms from /usr/lib64/valgrind/memcheck-amd64-linux
--16325--    object doesn't have a dynamic symbol table
--16325-- Reading syms from /lib64/ld-2.12.so
--16325--   Considering /usr/lib/debug/.build-id/5b/eb2450b75e84ff317c65f22af8b8112c25df63.debug ..
--16325--   .. build-id is valid
--16325-- Scheduler: using generic scheduler lock implementation.
--16325-- Reading suppressions file: /usr/lib64/valgrind/default.supp
==16325== embedded gdbserver: reading from /tmp/vgdb-pipe-from-vgdb-to-16325-by-xiao81-on-ecegrid-thin1.ecn.purdue.edu
==16325== embedded gdbserver: writing to   /tmp/vgdb-pipe-to-vgdb-from-16325-by-xiao81-on-ecegrid-thin1.ecn.purdue.edu
==16325== embedded gdbserver: shared mem   /tmp/vgdb-pipe-shared-mem-vgdb-16325-by-xiao81-on-ecegrid-thin1.ecn.purdue.edu
==16325== 
==16325== TO CONTROL THIS PROCESS USING vgdb (which you probably
==16325== don't want to do, unless you know exactly what you're doing,
==16325== or are doing some strange experiment):
==16325==   /usr/lib64/valgrind/../../bin/vgdb --pid=16325 ...command...
==16325== 
==16325== TO DEBUG THIS PROCESS USING GDB: start GDB like this
==16325==   /path/to/gdb ./pa01
==16325== and then give GDB the following command
==16325==   target remote | /usr/lib64/valgrind/../../bin/vgdb --pid=16325
==16325== --pid is optional if only one valgrind process is running
==16325== 
--16325-- REDIR: 0x365b6176d0 (strlen) redirected to 0x38049551 (vgPlain_amd64_linux_REDIR_FOR_strlen)
--16325-- Reading syms from /usr/lib64/valgrind/vgpreload_core-amd64-linux.so
--16325-- Reading syms from /usr/lib64/valgrind/vgpreload_memcheck-amd64-linux.so
--16325-- REDIR: 0x365b6174e0 (index) redirected to 0x4a07c30 (index)
--16325-- REDIR: 0x365b617560 (strcmp) redirected to 0x4a08570 (strcmp)
--16325-- Reading syms from /lib64/libc-2.12.so
--16325--   Considering /usr/lib/debug/.build-id/66/f0574a58168aba80e09078c5f874522203680e.debug ..
--16325--   .. build-id is valid
--16325-- REDIR: 0x365ba84cd0 (strcasecmp) redirected to 0x480155c (_vgnU_ifunc_wrapper)
--16325-- REDIR: 0x365ba86f90 (strncasecmp) redirected to 0x480155c (_vgnU_ifunc_wrapper)
--16325-- REDIR: 0x365ba82c40 (__GI_strrchr) redirected to 0x4a07ab0 (__GI_strrchr)
--16325-- REDIR: 0x365ba81160 (__GI_strlen) redirected to 0x4a07fb0 (__GI_strlen)
--16325-- REDIR: 0x365ba7a640 (malloc) redirected to 0x4a069ac (malloc)
--16325-- REDIR: 0x365ba7b520 (free) redirected to 0x4a063a9 (free)
--16325-- REDIR: 0x365ba8aaf0 (strchrnul) redirected to 0x4a09fb0 (strchrnul)
==16325== 
==16325== HEAP SUMMARY:
==16325==     in use at exit: 0 bytes in 0 blocks
==16325==   total heap usage: 2 allocs, 2 frees, 604 bytes allocated
==16325== 
==16325== All heap blocks were freed -- no leaks are possible
==16325== 
==16325== ERROR SUMMARY: 0 errors from 0 contexts (suppressed: 6 from 6)
--16325-- 
--16325-- used_suppression:      4 U1004-ARM-_dl_relocate_object
--16325-- used_suppression:      2 glibc-2.5.x-on-SUSE-10.2-(PPC)-2a
==16325== 
==16325== ERROR SUMMARY: 0 errors from 0 contexts (suppressed: 6 from 6)
