==19267== Memcheck, a memory error detector
==19267== Copyright (C) 2002-2012, and GNU GPL'd, by Julian Seward et al.
==19267== Using Valgrind-3.8.1 and LibVEX; rerun with -h for copyright info
==19267== Command: ./pe07 -l car.bmp left.bmp
==19267== Parent PID: 29461
==19267== 
--19267-- 
--19267-- Valgrind options:
--19267--    --tool=memcheck
--19267--    --leak-check=full
--19267--    --verbose
--19267--    --log-file=memcheck.log
--19267-- Contents of /proc/version:
--19267--   Linux version 2.6.32-504.12.2.el6.x86_64 (mockbuild@x86-027.build.eng.bos.redhat.com) (gcc version 4.4.7 20120313 (Red Hat 4.4.7-9) (GCC) ) #1 SMP Sun Feb 1 12:14:02 EST 2015
--19267-- Arch and hwcaps: AMD64, amd64-sse3-cx16
--19267-- Page sizes: currently 4096, max supported 4096
--19267-- Valgrind library directory: /usr/lib64/valgrind
--19267-- Reading syms from /home/shay/b/xiao81/ECE264/PE/PE07/pe07
--19267-- Reading syms from /usr/lib64/valgrind/memcheck-amd64-linux
--19267--    object doesn't have a dynamic symbol table
--19267-- Reading syms from /lib64/ld-2.12.so
--19267--   Considering /usr/lib/debug/.build-id/5b/eb2450b75e84ff317c65f22af8b8112c25df63.debug ..
--19267--   .. build-id is valid
--19267-- Scheduler: using generic scheduler lock implementation.
--19267-- Reading suppressions file: /usr/lib64/valgrind/default.supp
==19267== embedded gdbserver: reading from /tmp/vgdb-pipe-from-vgdb-to-19267-by-xiao81-on-ecegrid-thin1.ecn.purdue.edu
==19267== embedded gdbserver: writing to   /tmp/vgdb-pipe-to-vgdb-from-19267-by-xiao81-on-ecegrid-thin1.ecn.purdue.edu
==19267== embedded gdbserver: shared mem   /tmp/vgdb-pipe-shared-mem-vgdb-19267-by-xiao81-on-ecegrid-thin1.ecn.purdue.edu
==19267== 
==19267== TO CONTROL THIS PROCESS USING vgdb (which you probably
==19267== don't want to do, unless you know exactly what you're doing,
==19267== or are doing some strange experiment):
==19267==   /usr/lib64/valgrind/../../bin/vgdb --pid=19267 ...command...
==19267== 
==19267== TO DEBUG THIS PROCESS USING GDB: start GDB like this
==19267==   /path/to/gdb ./pe07
==19267== and then give GDB the following command
==19267==   target remote | /usr/lib64/valgrind/../../bin/vgdb --pid=19267
==19267== --pid is optional if only one valgrind process is running
==19267== 
--19267-- REDIR: 0x37676176d0 (strlen) redirected to 0x38049551 (vgPlain_amd64_linux_REDIR_FOR_strlen)
--19267-- Reading syms from /usr/lib64/valgrind/vgpreload_core-amd64-linux.so
--19267-- Reading syms from /usr/lib64/valgrind/vgpreload_memcheck-amd64-linux.so
--19267-- REDIR: 0x37676174e0 (index) redirected to 0x4a07c30 (index)
--19267-- REDIR: 0x3767617560 (strcmp) redirected to 0x4a08570 (strcmp)
--19267-- Reading syms from /lib64/libc-2.12.so
--19267--   Considering /usr/lib/debug/.build-id/22/aa38cca59a5df6cf07b8fc1778e2ee0384508e.debug ..
--19267--   .. build-id is valid
--19267-- REDIR: 0x3767a84cd0 (strcasecmp) redirected to 0x480155c (_vgnU_ifunc_wrapper)
--19267-- REDIR: 0x3767a86f90 (strncasecmp) redirected to 0x480155c (_vgnU_ifunc_wrapper)
--19267-- REDIR: 0x3767a82c40 (__GI_strrchr) redirected to 0x4a07ab0 (__GI_strrchr)
--19267-- REDIR: 0x3767a7f6e0 (strcmp) redirected to 0x480155c (_vgnU_ifunc_wrapper)
--19267-- REDIR: 0x3767b282a0 (__strcmp_sse42) redirected to 0x4a084d0 (strcmp)
--19267-- REDIR: 0x3767a7a640 (malloc) redirected to 0x4a069ac (malloc)
--19267-- REDIR: 0x3767a89670 (memcpy) redirected to 0x4a08b60 (memcpy)
--19267-- REDIR: 0x3767a8aaf0 (strchrnul) redirected to 0x4a09fb0 (strchrnul)
--19267-- REDIR: 0x3767a7b520 (free) redirected to 0x4a063a9 (free)
--19267-- REDIR: 0x3767a84500 (mempcpy) redirected to 0x4a0a020 (mempcpy)
==19267== 
==19267== HEAP SUMMARY:
==19267==     in use at exit: 0 bytes in 0 blocks
==19267==   total heap usage: 6 allocs, 6 frees, 516,944 bytes allocated
==19267== 
==19267== All heap blocks were freed -- no leaks are possible
==19267== 
==19267== ERROR SUMMARY: 0 errors from 0 contexts (suppressed: 6 from 6)
--19267-- 
--19267-- used_suppression:      4 U1004-ARM-_dl_relocate_object
--19267-- used_suppression:      2 glibc-2.5.x-on-SUSE-10.2-(PPC)-2a
==19267== 
==19267== ERROR SUMMARY: 0 errors from 0 contexts (suppressed: 6 from 6)
