==3127== Memcheck, a memory error detector
==3127== Copyright (C) 2002-2012, and GNU GPL'd, by Julian Seward et al.
==3127== Using Valgrind-3.8.1 and LibVEX; rerun with -h for copyright info
==3127== Command: ./pe05 sample newls
==3127== Parent PID: 25524
==3127== 
--3127-- 
--3127-- Valgrind options:
--3127--    --tool=memcheck
--3127--    --leak-check=full
--3127--    --verbose
--3127--    --log-file=memcheck.log
--3127-- Contents of /proc/version:
--3127--   Linux version 2.6.32-504.8.1.el6.x86_64 (mockbuild@x86-002.build.bos.redhat.com) (gcc version 4.4.7 20120313 (Red Hat 4.4.7-9) (GCC) ) #1 SMP Fri Dec 19 12:09:25 EST 2014
--3127-- Arch and hwcaps: AMD64, amd64-sse3-cx16
--3127-- Page sizes: currently 4096, max supported 4096
--3127-- Valgrind library directory: /usr/lib64/valgrind
--3127-- Reading syms from /home/shay/b/xiao81/ECE264/PE/PE05/pe05
--3127-- Reading syms from /usr/lib64/valgrind/memcheck-amd64-linux
--3127--    object doesn't have a dynamic symbol table
--3127-- Reading syms from /lib64/ld-2.12.so
--3127--   Considering /usr/lib/debug/.build-id/5b/eb2450b75e84ff317c65f22af8b8112c25df63.debug ..
--3127--   .. build-id is valid
--3127-- Scheduler: using generic scheduler lock implementation.
--3127-- Reading suppressions file: /usr/lib64/valgrind/default.supp
==3127== embedded gdbserver: reading from /tmp/vgdb-pipe-from-vgdb-to-3127-by-xiao81-on-ecegrid-thin2.ecn.purdue.edu
==3127== embedded gdbserver: writing to   /tmp/vgdb-pipe-to-vgdb-from-3127-by-xiao81-on-ecegrid-thin2.ecn.purdue.edu
==3127== embedded gdbserver: shared mem   /tmp/vgdb-pipe-shared-mem-vgdb-3127-by-xiao81-on-ecegrid-thin2.ecn.purdue.edu
==3127== 
==3127== TO CONTROL THIS PROCESS USING vgdb (which you probably
==3127== don't want to do, unless you know exactly what you're doing,
==3127== or are doing some strange experiment):
==3127==   /usr/lib64/valgrind/../../bin/vgdb --pid=3127 ...command...
==3127== 
==3127== TO DEBUG THIS PROCESS USING GDB: start GDB like this
==3127==   /path/to/gdb ./pe05
==3127== and then give GDB the following command
==3127==   target remote | /usr/lib64/valgrind/../../bin/vgdb --pid=3127
==3127== --pid is optional if only one valgrind process is running
==3127== 
--3127-- REDIR: 0x3c0dc176d0 (strlen) redirected to 0x38049551 (vgPlain_amd64_linux_REDIR_FOR_strlen)
--3127-- Reading syms from /usr/lib64/valgrind/vgpreload_core-amd64-linux.so
--3127-- Reading syms from /usr/lib64/valgrind/vgpreload_memcheck-amd64-linux.so
--3127-- REDIR: 0x3c0dc174e0 (index) redirected to 0x4a07c30 (index)
--3127-- REDIR: 0x3c0dc17560 (strcmp) redirected to 0x4a08570 (strcmp)
--3127-- Reading syms from /lib64/libc-2.12.so
--3127--   Considering /usr/lib/debug/.build-id/22/aa38cca59a5df6cf07b8fc1778e2ee0384508e.debug ..
--3127--   .. build-id is valid
--3127-- REDIR: 0x3c0e084cd0 (strcasecmp) redirected to 0x480155c (_vgnU_ifunc_wrapper)
--3127-- REDIR: 0x3c0e086f90 (strncasecmp) redirected to 0x480155c (_vgnU_ifunc_wrapper)
--3127-- REDIR: 0x3c0e082c40 (__GI_strrchr) redirected to 0x4a07ab0 (__GI_strrchr)
--3127-- REDIR: 0x3c0e07a640 (malloc) redirected to 0x4a069ac (malloc)
--3127-- REDIR: 0x3c0e08aaf0 (strchrnul) redirected to 0x4a09fb0 (strchrnul)
--3127-- REDIR: 0x3c0e07b520 (free) redirected to 0x4a063a9 (free)
==3127== 
==3127== HEAP SUMMARY:
==3127==     in use at exit: 0 bytes in 0 blocks
==3127==   total heap usage: 2 allocs, 2 frees, 1,136 bytes allocated
==3127== 
==3127== All heap blocks were freed -- no leaks are possible
==3127== 
==3127== ERROR SUMMARY: 0 errors from 0 contexts (suppressed: 6 from 6)
--3127-- 
--3127-- used_suppression:      4 U1004-ARM-_dl_relocate_object
--3127-- used_suppression:      2 glibc-2.5.x-on-SUSE-10.2-(PPC)-2a
==3127== 
==3127== ERROR SUMMARY: 0 errors from 0 contexts (suppressed: 6 from 6)
