==29594== Memcheck, a memory error detector
==29594== Copyright (C) 2002-2012, and GNU GPL'd, by Julian Seward et al.
==29594== Using Valgrind-3.8.1 and LibVEX; rerun with -h for copyright info
==29594== Command: ./pa04 car342.bmp convert.bmp
==29594== Parent PID: 21171
==29594== 
--29594-- 
--29594-- Valgrind options:
--29594--    --tool=memcheck
--29594--    --leak-check=full
--29594--    --verbose
--29594--    --log-file=memcheck.log
--29594-- Contents of /proc/version:
--29594--   Linux version 2.6.32-504.12.2.el6.x86_64 (mockbuild@x86-027.build.eng.bos.redhat.com) (gcc version 4.4.7 20120313 (Red Hat 4.4.7-9) (GCC) ) #1 SMP Sun Feb 1 12:14:02 EST 2015
--29594-- Arch and hwcaps: AMD64, amd64-sse3-cx16-avx
--29594-- Page sizes: currently 4096, max supported 4096
--29594-- Valgrind library directory: /usr/lib64/valgrind
--29594-- Reading syms from /home/shay/b/xiao81/ECE264/PA/PA04/pa04
--29594-- Reading syms from /usr/lib64/valgrind/memcheck-amd64-linux
--29594--    object doesn't have a dynamic symbol table
--29594-- Reading syms from /lib64/ld-2.12.so
--29594--   Considering /usr/lib/debug/.build-id/5b/eb2450b75e84ff317c65f22af8b8112c25df63.debug ..
--29594--   .. build-id is valid
--29594-- Scheduler: using generic scheduler lock implementation.
--29594-- Reading suppressions file: /usr/lib64/valgrind/default.supp
==29594== embedded gdbserver: reading from /tmp/vgdb-pipe-from-vgdb-to-29594-by-xiao81-on-ecegrid-thin4.ecn.purdue.edu
==29594== embedded gdbserver: writing to   /tmp/vgdb-pipe-to-vgdb-from-29594-by-xiao81-on-ecegrid-thin4.ecn.purdue.edu
==29594== embedded gdbserver: shared mem   /tmp/vgdb-pipe-shared-mem-vgdb-29594-by-xiao81-on-ecegrid-thin4.ecn.purdue.edu
==29594== 
==29594== TO CONTROL THIS PROCESS USING vgdb (which you probably
==29594== don't want to do, unless you know exactly what you're doing,
==29594== or are doing some strange experiment):
==29594==   /usr/lib64/valgrind/../../bin/vgdb --pid=29594 ...command...
==29594== 
==29594== TO DEBUG THIS PROCESS USING GDB: start GDB like this
==29594==   /path/to/gdb ./pa04
==29594== and then give GDB the following command
==29594==   target remote | /usr/lib64/valgrind/../../bin/vgdb --pid=29594
==29594== --pid is optional if only one valgrind process is running
==29594== 
--29594-- REDIR: 0x34660176d0 (strlen) redirected to 0x38049551 (vgPlain_amd64_linux_REDIR_FOR_strlen)
--29594-- Reading syms from /usr/lib64/valgrind/vgpreload_core-amd64-linux.so
--29594-- Reading syms from /usr/lib64/valgrind/vgpreload_memcheck-amd64-linux.so
--29594-- REDIR: 0x34660174e0 (index) redirected to 0x4a07c30 (index)
--29594-- REDIR: 0x3466017560 (strcmp) redirected to 0x4a08570 (strcmp)
--29594-- Reading syms from /lib64/libc-2.12.so
--29594--   Considering /usr/lib/debug/.build-id/22/aa38cca59a5df6cf07b8fc1778e2ee0384508e.debug ..
--29594--   .. build-id is valid
--29594-- REDIR: 0x3466484cd0 (strcasecmp) redirected to 0x480155c (_vgnU_ifunc_wrapper)
--29594-- REDIR: 0x3466486f90 (strncasecmp) redirected to 0x480155c (_vgnU_ifunc_wrapper)
--29594-- REDIR: 0x3466482c40 (__GI_strrchr) redirected to 0x4a07ab0 (__GI_strrchr)
--29594-- REDIR: 0x346647a640 (malloc) redirected to 0x4a069ac (malloc)
--29594-- REDIR: 0x346647b520 (free) redirected to 0x4a063a9 (free)
==29594== 
==29594== HEAP SUMMARY:
==29594==     in use at exit: 0 bytes in 0 blocks
==29594==   total heap usage: 1 allocs, 1 frees, 568 bytes allocated
==29594== 
==29594== All heap blocks were freed -- no leaks are possible
==29594== 
==29594== ERROR SUMMARY: 0 errors from 0 contexts (suppressed: 6 from 6)
--29594-- 
--29594-- used_suppression:      4 U1004-ARM-_dl_relocate_object
--29594-- used_suppression:      2 glibc-2.5.x-on-SUSE-10.2-(PPC)-2a
==29594== 
==29594== ERROR SUMMARY: 0 errors from 0 contexts (suppressed: 6 from 6)
