==26394== Memcheck, a memory error detector
==26394== Copyright (C) 2002-2012, and GNU GPL'd, by Julian Seward et al.
==26394== Using Valgrind-3.8.1 and LibVEX; rerun with -h for copyright info
==26394== Command: ./pa03 -d dnew100
==26394== Parent PID: 31356
==26394== 
--26394-- 
--26394-- Valgrind options:
--26394--    --tool=memcheck
--26394--    --leak-check=full
--26394--    --verbose
--26394--    --log-file=memcheck.log
--26394-- Contents of /proc/version:
--26394--   Linux version 2.6.32-504.12.2.el6.x86_64 (mockbuild@x86-027.build.eng.bos.redhat.com) (gcc version 4.4.7 20120313 (Red Hat 4.4.7-9) (GCC) ) #1 SMP Sun Feb 1 12:14:02 EST 2015
--26394-- Arch and hwcaps: AMD64, amd64-sse3-cx16-avx
--26394-- Page sizes: currently 4096, max supported 4096
--26394-- Valgrind library directory: /usr/lib64/valgrind
--26394-- Reading syms from /home/shay/b/xiao81/ECE264/PA/PA03/pa03
--26394-- Reading syms from /usr/lib64/valgrind/memcheck-amd64-linux
--26394--    object doesn't have a dynamic symbol table
--26394-- Reading syms from /lib64/ld-2.12.so
--26394--   Considering /usr/lib/debug/.build-id/5b/eb2450b75e84ff317c65f22af8b8112c25df63.debug ..
--26394--   .. build-id is valid
--26394-- Scheduler: using generic scheduler lock implementation.
--26394-- Reading suppressions file: /usr/lib64/valgrind/default.supp
==26394== embedded gdbserver: reading from /tmp/vgdb-pipe-from-vgdb-to-26394-by-xiao81-on-ecegrid-thin4.ecn.purdue.edu
==26394== embedded gdbserver: writing to   /tmp/vgdb-pipe-to-vgdb-from-26394-by-xiao81-on-ecegrid-thin4.ecn.purdue.edu
==26394== embedded gdbserver: shared mem   /tmp/vgdb-pipe-shared-mem-vgdb-26394-by-xiao81-on-ecegrid-thin4.ecn.purdue.edu
==26394== 
==26394== TO CONTROL THIS PROCESS USING vgdb (which you probably
==26394== don't want to do, unless you know exactly what you're doing,
==26394== or are doing some strange experiment):
==26394==   /usr/lib64/valgrind/../../bin/vgdb --pid=26394 ...command...
==26394== 
==26394== TO DEBUG THIS PROCESS USING GDB: start GDB like this
==26394==   /path/to/gdb ./pa03
==26394== and then give GDB the following command
==26394==   target remote | /usr/lib64/valgrind/../../bin/vgdb --pid=26394
==26394== --pid is optional if only one valgrind process is running
==26394== 
--26394-- REDIR: 0x34660176d0 (strlen) redirected to 0x38049551 (vgPlain_amd64_linux_REDIR_FOR_strlen)
--26394-- Reading syms from /usr/lib64/valgrind/vgpreload_core-amd64-linux.so
--26394-- Reading syms from /usr/lib64/valgrind/vgpreload_memcheck-amd64-linux.so
--26394-- REDIR: 0x34660174e0 (index) redirected to 0x4a07c30 (index)
--26394-- REDIR: 0x3466017560 (strcmp) redirected to 0x4a08570 (strcmp)
--26394-- Reading syms from /lib64/libc-2.12.so
--26394--   Considering /usr/lib/debug/.build-id/22/aa38cca59a5df6cf07b8fc1778e2ee0384508e.debug ..
--26394--   .. build-id is valid
--26394-- REDIR: 0x3466484cd0 (strcasecmp) redirected to 0x480155c (_vgnU_ifunc_wrapper)
--26394-- REDIR: 0x3466486f90 (strncasecmp) redirected to 0x480155c (_vgnU_ifunc_wrapper)
--26394-- REDIR: 0x3466482c40 (__GI_strrchr) redirected to 0x4a07ab0 (__GI_strrchr)
--26394-- REDIR: 0x346647f6e0 (strcmp) redirected to 0x480155c (_vgnU_ifunc_wrapper)
--26394-- REDIR: 0x34665282a0 (__strcmp_sse42) redirected to 0x4a084d0 (strcmp)
--26394-- REDIR: 0x346647a640 (malloc) redirected to 0x4a069ac (malloc)
--26394-- REDIR: 0x3466489670 (memcpy) redirected to 0x4a08b60 (memcpy)
--26394-- REDIR: 0x346648aaf0 (strchrnul) redirected to 0x4a09fb0 (strchrnul)
--26394-- REDIR: 0x3466484500 (mempcpy) redirected to 0x4a0a020 (mempcpy)
--26394-- REDIR: 0x346647b520 (free) redirected to 0x4a063a9 (free)
--26394-- REDIR: 0x3466481160 (__GI_strlen) redirected to 0x4a07fb0 (__GI_strlen)
==26394== 
==26394== HEAP SUMMARY:
==26394==     in use at exit: 0 bytes in 0 blocks
==26394==   total heap usage: 203 allocs, 203 frees, 162,168 bytes allocated
==26394== 
==26394== All heap blocks were freed -- no leaks are possible
==26394== 
==26394== ERROR SUMMARY: 0 errors from 0 contexts (suppressed: 6 from 6)
--26394-- 
--26394-- used_suppression:      4 U1004-ARM-_dl_relocate_object
--26394-- used_suppression:      2 glibc-2.5.x-on-SUSE-10.2-(PPC)-2a
==26394== 
==26394== ERROR SUMMARY: 0 errors from 0 contexts (suppressed: 6 from 6)
