==40123== Memcheck, a memory error detector
==40123== Copyright (C) 2002-2012, and GNU GPL'd, by Julian Seward et al.
==40123== Using Valgrind-3.8.1 and LibVEX; rerun with -h for copyright info
==40123== Command: ./pa02 -s sample.2.9x7 new newfile
==40123== Parent PID: 11000
==40123== 
--40123-- 
--40123-- Valgrind options:
--40123--    --tool=memcheck
--40123--    --leak-check=full
--40123--    --verbose
--40123--    --log-file=memcheck.log
--40123-- Contents of /proc/version:
--40123--   Linux version 2.6.32-504.8.1.el6.x86_64 (mockbuild@x86-002.build.bos.redhat.com) (gcc version 4.4.7 20120313 (Red Hat 4.4.7-9) (GCC) ) #1 SMP Fri Dec 19 12:09:25 EST 2014
--40123-- Arch and hwcaps: AMD64, amd64-sse3-cx16-avx
--40123-- Page sizes: currently 4096, max supported 4096
--40123-- Valgrind library directory: /usr/lib64/valgrind
--40123-- Reading syms from /home/shay/b/xiao81/ECE264/PA/PA02/pa02
--40123-- Reading syms from /usr/lib64/valgrind/memcheck-amd64-linux
--40123--    object doesn't have a dynamic symbol table
--40123-- Reading syms from /lib64/ld-2.12.so
--40123--   Considering /usr/lib/debug/.build-id/5b/eb2450b75e84ff317c65f22af8b8112c25df63.debug ..
--40123--   .. build-id is valid
--40123-- Scheduler: using generic scheduler lock implementation.
--40123-- Reading suppressions file: /usr/lib64/valgrind/default.supp
==40123== embedded gdbserver: reading from /tmp/vgdb-pipe-from-vgdb-to-40123-by-xiao81-on-ecegrid-thin5.ecn.purdue.edu
==40123== embedded gdbserver: writing to   /tmp/vgdb-pipe-to-vgdb-from-40123-by-xiao81-on-ecegrid-thin5.ecn.purdue.edu
==40123== embedded gdbserver: shared mem   /tmp/vgdb-pipe-shared-mem-vgdb-40123-by-xiao81-on-ecegrid-thin5.ecn.purdue.edu
==40123== 
==40123== TO CONTROL THIS PROCESS USING vgdb (which you probably
==40123== don't want to do, unless you know exactly what you're doing,
==40123== or are doing some strange experiment):
==40123==   /usr/lib64/valgrind/../../bin/vgdb --pid=40123 ...command...
==40123== 
==40123== TO DEBUG THIS PROCESS USING GDB: start GDB like this
==40123==   /path/to/gdb ./pa02
==40123== and then give GDB the following command
==40123==   target remote | /usr/lib64/valgrind/../../bin/vgdb --pid=40123
==40123== --pid is optional if only one valgrind process is running
==40123== 
--40123-- REDIR: 0x3a6b8176d0 (strlen) redirected to 0x38049551 (vgPlain_amd64_linux_REDIR_FOR_strlen)
--40123-- Reading syms from /usr/lib64/valgrind/vgpreload_core-amd64-linux.so
--40123-- Reading syms from /usr/lib64/valgrind/vgpreload_memcheck-amd64-linux.so
--40123-- REDIR: 0x3a6b8174e0 (index) redirected to 0x4a07c30 (index)
--40123-- REDIR: 0x3a6b817560 (strcmp) redirected to 0x4a08570 (strcmp)
--40123-- Reading syms from /lib64/libc-2.12.so
--40123--   Considering /usr/lib/debug/.build-id/22/aa38cca59a5df6cf07b8fc1778e2ee0384508e.debug ..
--40123--   .. build-id is valid
--40123-- REDIR: 0x3a6bc84cd0 (strcasecmp) redirected to 0x480155c (_vgnU_ifunc_wrapper)
--40123-- REDIR: 0x3a6bc86f90 (strncasecmp) redirected to 0x480155c (_vgnU_ifunc_wrapper)
--40123-- REDIR: 0x3a6bc82c40 (__GI_strrchr) redirected to 0x4a07ab0 (__GI_strrchr)
--40123-- REDIR: 0x3a6bc81160 (__GI_strlen) redirected to 0x4a07fb0 (__GI_strlen)
--40123-- REDIR: 0x3a6bc7a640 (malloc) redirected to 0x4a069ac (malloc)
--40123-- REDIR: 0x3a6bc7b520 (free) redirected to 0x4a063a9 (free)
==40123== 
==40123== HEAP SUMMARY:
==40123==     in use at exit: 0 bytes in 0 blocks
==40123==   total heap usage: 11 allocs, 11 frees, 1,823 bytes allocated
==40123== 
==40123== All heap blocks were freed -- no leaks are possible
==40123== 
==40123== ERROR SUMMARY: 0 errors from 0 contexts (suppressed: 6 from 6)
--40123-- 
--40123-- used_suppression:      4 U1004-ARM-_dl_relocate_object
--40123-- used_suppression:      2 glibc-2.5.x-on-SUSE-10.2-(PPC)-2a
==40123== 
==40123== ERROR SUMMARY: 0 errors from 0 contexts (suppressed: 6 from 6)
