==18191== Memcheck, a memory error detector
==18191== Copyright (C) 2002-2012, and GNU GPL'd, by Julian Seward et al.
==18191== Using Valgrind-3.8.1 and LibVEX; rerun with -h for copyright info
==18191== Command: ./pe03
==18191== Parent PID: 1583
==18191== 
--18191-- 
--18191-- Valgrind options:
--18191--    --tool=memcheck
--18191--    --leak-check=full
--18191--    --verbose
--18191--    --log-file=memcheck.log
--18191-- Contents of /proc/version:
--18191--   Linux version 2.6.32-504.8.1.el6.x86_64 (mockbuild@x86-002.build.bos.redhat.com) (gcc version 4.4.7 20120313 (Red Hat 4.4.7-9) (GCC) ) #1 SMP Fri Dec 19 12:09:25 EST 2014
--18191-- Arch and hwcaps: AMD64, amd64-sse3
--18191-- Page sizes: currently 4096, max supported 4096
--18191-- Valgrind library directory: /usr/lib64/valgrind
--18191-- Reading syms from /home/shay/b/xiao81/ECE264/PE/PE03/PE03/pe03
--18191-- Reading syms from /usr/lib64/valgrind/memcheck-amd64-linux
--18191--    object doesn't have a dynamic symbol table
--18191-- Reading syms from /lib64/ld-2.12.so
--18191-- Scheduler: using generic scheduler lock implementation.
--18191-- Reading suppressions file: /usr/lib64/valgrind/default.supp
==18191== embedded gdbserver: reading from /tmp/vgdb-pipe-from-vgdb-to-18191-by-xiao81-on-ecegrid-thin6.ecn.purdue.edu
==18191== embedded gdbserver: writing to   /tmp/vgdb-pipe-to-vgdb-from-18191-by-xiao81-on-ecegrid-thin6.ecn.purdue.edu
==18191== embedded gdbserver: shared mem   /tmp/vgdb-pipe-shared-mem-vgdb-18191-by-xiao81-on-ecegrid-thin6.ecn.purdue.edu
==18191== 
==18191== TO CONTROL THIS PROCESS USING vgdb (which you probably
==18191== don't want to do, unless you know exactly what you're doing,
==18191== or are doing some strange experiment):
==18191==   /usr/lib64/valgrind/../../bin/vgdb --pid=18191 ...command...
==18191== 
==18191== TO DEBUG THIS PROCESS USING GDB: start GDB like this
==18191==   /path/to/gdb ./pe03
==18191== and then give GDB the following command
==18191==   target remote | /usr/lib64/valgrind/../../bin/vgdb --pid=18191
==18191== --pid is optional if only one valgrind process is running
==18191== 
--18191-- REDIR: 0x352e2176d0 (strlen) redirected to 0x38049551 (vgPlain_amd64_linux_REDIR_FOR_strlen)
--18191-- Reading syms from /usr/lib64/valgrind/vgpreload_core-amd64-linux.so
--18191-- Reading syms from /usr/lib64/valgrind/vgpreload_memcheck-amd64-linux.so
--18191-- REDIR: 0x352e2174e0 (index) redirected to 0x4a07c30 (index)
--18191-- REDIR: 0x352e217560 (strcmp) redirected to 0x4a08570 (strcmp)
--18191-- Reading syms from /lib64/libc-2.12.so
--18191-- REDIR: 0x352e684cd0 (strcasecmp) redirected to 0x480155c (_vgnU_ifunc_wrapper)
--18191-- REDIR: 0x352e686f90 (strncasecmp) redirected to 0x480155c (_vgnU_ifunc_wrapper)
--18191-- REDIR: 0x352e682c40 (__GI_strrchr) redirected to 0x4a07ab0 (__GI_strrchr)
--18191-- REDIR: 0x352e681160 (__GI_strlen) redirected to 0x4a07fb0 (__GI_strlen)
--18191-- REDIR: 0x352e67b520 (free) redirected to 0x4a063a9 (free)
==18191== 
==18191== HEAP SUMMARY:
==18191==     in use at exit: 0 bytes in 0 blocks
==18191==   total heap usage: 0 allocs, 0 frees, 0 bytes allocated
==18191== 
==18191== All heap blocks were freed -- no leaks are possible
==18191== 
==18191== ERROR SUMMARY: 0 errors from 0 contexts (suppressed: 6 from 6)
--18191-- 
--18191-- used_suppression:      4 U1004-ARM-_dl_relocate_object
--18191-- used_suppression:      2 glibc-2.5.x-on-SUSE-10.2-(PPC)-2a
==18191== 
==18191== ERROR SUMMARY: 0 errors from 0 contexts (suppressed: 6 from 6)
